# JRE version: Java(TM) SE Runtime Environment 18.9 (11.0.12+8) (build 11.0.12+8-LTS-237)
# Java VM: Java HotSpot(TM) 64-Bit Server VM 18.9 (11.0.12+8-LTS-237, mixed mode, tiered, compressed oops, g1 gc, windows-amd64)
Heap:
 garbage-first heap   total 157696K, used 77125K [0x0000000081800000, 0x0000000100000000)
  region size 1024K, 72 young (73728K), 5 survivors (5120K)
 Metaspace       used 32695K, capacity 33774K, committed 34048K, reserved 1081344K
  class space    used 3825K, capacity 4246K, committed 4352K, reserved 1048576K
GC Heap History (10 events):
Event: 1.088 GC heap before
{Heap before GC invocations=1 (full 0):
 garbage-first heap   total 131072K, used 10299K [0x0000000081800000, 0x0000000100000000)
  region size 1024K, 6 young (6144K), 2 survivors (2048K)
 Metaspace       used 14232K, capacity 14556K, committed 14720K, reserved 1062912K
  class space    used 1423K, capacity 1539K, committed 1664K, reserved 1048576K
}
Event: 1.092 GC heap after
{Heap after GC invocations=2 (full 0):
 garbage-first heap   total 131072K, used 6908K [0x0000000081800000, 0x0000000100000000)
  region size 1024K, 1 young (1024K), 1 survivors (1024K)
 Metaspace       used 14232K, capacity 14556K, committed 14720K, reserved 1062912K
  class space    used 1423K, capacity 1539K, committed 1664K, reserved 1048576K
}
Event: 1.338 GC heap before
{Heap before GC invocations=2 (full 0):
 garbage-first heap   total 131072K, used 26364K [0x0000000081800000, 0x0000000100000000)
  region size 1024K, 21 young (21504K), 1 survivors (1024K)
 Metaspace       used 15926K, capacity 16399K, committed 16640K, reserved 1064960K
  class space    used 1624K, capacity 1773K, committed 1792K, reserved 1048576K
}
Event: 1.340 GC heap after
{Heap after GC invocations=3 (full 0):
 garbage-first heap   total 131072K, used 7396K [0x0000000081800000, 0x0000000100000000)
  region size 1024K, 2 young (2048K), 2 survivors (2048K)
 Metaspace       used 15926K, capacity 16399K, committed 16640K, reserved 1064960K
  class space    used 1624K, capacity 1773K, committed 1792K, reserved 1048576K
}
Event: 1.426 GC heap before
{Heap before GC invocations=3 (full 0):
 garbage-first heap   total 131072K, used 38116K [0x0000000081800000, 0x0000000100000000)
  region size 1024K, 33 young (33792K), 2 survivors (2048K)
 Metaspace       used 16062K, capacity 16517K, committed 16768K, reserved 1064960K
  class space    used 1644K, capacity 1813K, committed 1920K, reserved 1048576K
}
Event: 1.442 GC heap after
{Heap after GC invocations=4 (full 0):
 garbage-first heap   total 131072K, used 7361K [0x0000000081800000, 0x0000000100000000)
  region size 1024K, 2 young (2048K), 2 survivors (2048K)
 Metaspace       used 16062K, capacity 16517K, committed 16768K, reserved 1064960K
  class space    used 1644K, capacity 1813K, committed 1920K, reserved 1048576K
}
Event: 2.140 GC heap before
{Heap before GC invocations=4 (full 0):
 garbage-first heap   total 131072K, used 32961K [0x0000000081800000, 0x0000000100000000)
  region size 1024K, 28 young (28672K), 2 survivors (2048K)
 Metaspace       used 20586K, capacity 21198K, committed 21248K, reserved 1069056K
  class space    used 2271K, capacity 2513K, committed 2560K, reserved 1048576K
}
Event: 2.146 GC heap after
{Heap after GC invocations=5 (full 0):
 garbage-first heap   total 131072K, used 8931K [0x0000000081800000, 0x0000000100000000)
  region size 1024K, 3 young (3072K), 3 survivors (3072K)
 Metaspace       used 20586K, capacity 21198K, committed 21248K, reserved 1069056K
  class space    used 2271K, capacity 2513K, committed 2560K, reserved 1048576K
}
Event: 2.945 GC heap before
{Heap before GC invocations=6 (full 0):
 garbage-first heap   total 131072K, used 82659K [0x0000000081800000, 0x0000000100000000)
  region size 1024K, 76 young (77824K), 3 survivors (3072K)
 Metaspace       used 28139K, capacity 29017K, committed 29184K, reserved 1075200K
  class space    used 3228K, capacity 3566K, committed 3584K, reserved 1048576K
}
Event: 2.952 GC heap after
{Heap after GC invocations=7 (full 0):
 garbage-first heap   total 157696K, used 10565K [0x0000000081800000, 0x0000000100000000)
  region size 1024K, 5 young (5120K), 5 survivors (5120K)
 Metaspace       used 28139K, capacity 29017K, committed 29184K, reserved 1075200K
  class space    used 3228K, capacity 3566K, committed 3584K, reserved 1048576K
}

