# JRE version: Java(TM) SE Runtime Environment 18.9 (11.0.12+8) (build 11.0.12+8-LTS-237)
# Java VM: Java HotSpot(TM) 64-Bit Server VM 18.9 (11.0.12+8-LTS-237, mixed mode, tiered, compressed oops, g1 gc, windows-amd64)
Heap:
 garbage-first heap   total 131072K, used 73648K [0x0000000081800000, 0x0000000100000000)
  region size 1024K, 68 young (69632K), 5 survivors (5120K)
 Metaspace       used 32272K, capacity 33291K, committed 33408K, reserved 1079296K
  class space    used 3756K, capacity 4177K, committed 4224K, reserved 1048576K
GC Heap History (10 events):
Event: 1.014 GC heap before
{Heap before GC invocations=1 (full 0):
 garbage-first heap   total 131072K, used 11514K [0x0000000081800000, 0x0000000100000000)
  region size 1024K, 7 young (7168K), 2 survivors (2048K)
 Metaspace       used 14295K, capacity 14704K, committed 14976K, reserved 1062912K
  class space    used 1435K, capacity 1571K, committed 1664K, reserved 1048576K
}
Event: 1.019 GC heap after
{Heap after GC invocations=2 (full 0):
 garbage-first heap   total 131072K, used 7332K [0x0000000081800000, 0x0000000100000000)
  region size 1024K, 1 young (1024K), 1 survivors (1024K)
 Metaspace       used 14295K, capacity 14704K, committed 14976K, reserved 1062912K
  class space    used 1435K, capacity 1571K, committed 1664K, reserved 1048576K
}
Event: 1.286 GC heap before
{Heap before GC invocations=2 (full 0):
 garbage-first heap   total 131072K, used 27812K [0x0000000081800000, 0x0000000100000000)
  region size 1024K, 22 young (22528K), 1 survivors (1024K)
 Metaspace       used 15929K, capacity 16387K, committed 16640K, reserved 1064960K
  class space    used 1624K, capacity 1773K, committed 1792K, reserved 1048576K
}
Event: 1.288 GC heap after
{Heap after GC invocations=3 (full 0):
 garbage-first heap   total 131072K, used 7908K [0x0000000081800000, 0x0000000100000000)
  region size 1024K, 2 young (2048K), 2 survivors (2048K)
 Metaspace       used 15929K, capacity 16387K, committed 16640K, reserved 1064960K
  class space    used 1624K, capacity 1773K, committed 1792K, reserved 1048576K
}
Event: 1.421 GC heap before
{Heap before GC invocations=3 (full 0):
 garbage-first heap   total 131072K, used 39652K [0x0000000081800000, 0x0000000100000000)
  region size 1024K, 34 young (34816K), 2 survivors (2048K)
 Metaspace       used 16421K, capacity 16875K, committed 17024K, reserved 1064960K
  class space    used 1700K, capacity 1874K, committed 1920K, reserved 1048576K
}
Event: 1.423 GC heap after
{Heap after GC invocations=4 (full 0):
 garbage-first heap   total 131072K, used 7862K [0x0000000081800000, 0x0000000100000000)
  region size 1024K, 2 young (2048K), 2 survivors (2048K)
 Metaspace       used 16421K, capacity 16875K, committed 17024K, reserved 1064960K
  class space    used 1700K, capacity 1874K, committed 1920K, reserved 1048576K
}
Event: 1.928 GC heap before
{Heap before GC invocations=4 (full 0):
 garbage-first heap   total 131072K, used 30390K [0x0000000081800000, 0x0000000100000000)
  region size 1024K, 26 young (26624K), 2 survivors (2048K)
 Metaspace       used 20597K, capacity 21218K, committed 21248K, reserved 1069056K
  class space    used 2290K, capacity 2545K, committed 2560K, reserved 1048576K
}
Event: 1.932 GC heap after
{Heap after GC invocations=5 (full 0):
 garbage-first heap   total 131072K, used 9412K [0x0000000081800000, 0x0000000100000000)
  region size 1024K, 3 young (3072K), 3 survivors (3072K)
 Metaspace       used 20597K, capacity 21218K, committed 21248K, reserved 1069056K
  class space    used 2290K, capacity 2545K, committed 2560K, reserved 1048576K
}
Event: 2.564 GC heap before
{Heap before GC invocations=6 (full 0):
 garbage-first heap   total 131072K, used 83140K [0x0000000081800000, 0x0000000100000000)
  region size 1024K, 76 young (77824K), 3 survivors (3072K)
 Metaspace       used 28138K, capacity 29005K, committed 29184K, reserved 1075200K
  class space    used 3228K, capacity 3566K, committed 3584K, reserved 1048576K
}
Event: 2.571 GC heap after
{Heap after GC invocations=7 (full 0):
 garbage-first heap   total 131072K, used 11184K [0x0000000081800000, 0x0000000100000000)
  region size 1024K, 5 young (5120K), 5 survivors (5120K)
 Metaspace       used 28138K, capacity 29005K, committed 29184K, reserved 1075200K
  class space    used 3228K, capacity 3566K, committed 3584K, reserved 1048576K
}

